DEBUG:asyncio:Using selector: EpollSelector
INFO:pygls.feature_manager:Registered builtin feature exit
INFO:pygls.feature_manager:Registered builtin feature initialize
INFO:pygls.feature_manager:Registered builtin feature initialized
INFO:pygls.feature_manager:Registered builtin feature shutdown
INFO:pygls.feature_manager:Registered builtin feature textDocument/didChange
INFO:pygls.feature_manager:Registered builtin feature textDocument/didClose
INFO:pygls.feature_manager:Registered builtin feature textDocument/didOpen
INFO:pygls.feature_manager:Registered builtin feature workspace/didChangeWorkspaceFolders
INFO:pygls.feature_manager:Registered builtin feature workspace/executeCommand
INFO:pygls.feature_manager:Registered "textDocument/completion" with options "work_done_progress=None trigger_characters=['-', '.'] all_commit_characters=None resolve_provider=False"
INFO:pygls.feature_manager:Registered "textDocument/definition" with options "None"
INFO:pygls.feature_manager:Registered "textDocument/didChange" with options "None"
INFO:pygls.feature_manager:Registered "textDocument/didClose" with options "None"
INFO:pygls.feature_manager:Registered "textDocument/didOpen" with options "None"
INFO:pygls.feature_manager:Registered "textDocument/documentSymbol" with options "None"
INFO:pygls.server:Starting IO server
DEBUG:pygls.server:Content length: 2747
DEBUG:pygls.protocol:Received b'Content-Length: 2747\r\n\r\n{"method": "initialize", "jsonrpc": "2.0", "id": 1, "params": {"initializationOptions": {}, "rootUri": "file:///home/ben/.config/nvim", "workspaceFolders": [{"uri": "file:///home/ben/.config/nvim", "name": "/home/ben/.config/nvim"}], "rootPath": "/home/ben/.config/nvim", "clientInfo": {"version": "0.6.0", "name": "Neovim"}, "processId": 304969, "trace": "off", "capabilities": {"window": {"showDocument": {"support": false}, "showMessage": {"messageActionItem": {"additionalPropertiesSupport": false}}, "workDoneProgress": true}, "workspace": {"workspaceFolders": true, "configuration": true, "workspaceEdit": {"resourceOperations": ["rename", "create", "delete"]}, "symbol": {"symbolKind": {"valueSet": [1, 2, 3, 4, 5, 6, 7, 8, 9, 10, 11, 12, 13, 14, 15, 16, 17, 18, 19, 20, 21, 22, 23, 24, 25, 26]}, "dynamicRegistration": false, "hierarchicalWorkspaceSymbolSupport": true}, "applyEdit": true}, "callHierarchy": {"dynamicRegistration": false}, "textDocument": {"implementation": {"linkSupport": true}, "documentSymbol": {"symbolKind": {"valueSet": [1, 2, 3, 4, 5, 6, 7, 8, 9, 10, 11, 12, 13, 14, 15, 16, 17, 18, 19, 20, 21, 22, 23, 24, 25, 26]}, "dynamicRegistration": false, "hierarchicalDocumentSymbolSupport": true}, "synchronization": {"dynamicRegistration": false, "willSaveWaitUntil": false, "willSave": false, "didSave": true}, "typeDefinition": {"linkSupport": true}, "rename": {"prepareSupport": true, "dynamicRegistration": false}, "codeAction": {"codeActionLiteralSupport": {"codeActionKind": {"valueSet": ["", "Empty", "QuickFix", "Refactor", "RefactorExtract", "RefactorInline", "RefactorRewrite", "Source", "SourceOrganizeImports", "quickfix", "refactor", "refactor.extract", "refactor.inline", "refactor.rewrite", "source", "source.organizeImports"]}}, "dynamicRegistration": false}, "references": {"dynamicRegistration": false}, "definition": {"linkSupport": true}, "completion": {"completionItem": {"snippetSupport": false, "commitCharactersSupport": false, "preselectSupport": false, "deprecatedSupport": false, "documentationFormat": ["markdown", "plaintext"]}, "contextSupport": false, "dynamicRegistration": false, "completionItemKind": {"valueSet": [1, 2, 3, 4, 5, 6, 7, 8, 9, 10, 11, 12, 13, 14, 15, 16, 17, 18, 19, 20, 21, 22, 23, 24, 25]}}, "documentHighlight": {"dynamicRegistration": false}, "hover": {"dynamicRegistration": false, "contentFormat": ["markdown", "plaintext"]}, "publishDiagnostics": {"relatedInformation": true, "tagSupport": {"valueSet": [1, 2]}}, "declaration": {"linkSupport": true}, "signatureHelp": {"dynamicRegistration": false, "signatureInformation": {"activeParameterSupport": true, "parameterInformation": {"labelOffsetSupport": true}, "documentationFormat": ["markdown", "plaintext"]}}}}}}'
DEBUG:pygls.protocol:Request message received.
INFO:pygls.protocol:Language server initialized work_done_token=None process_id=304969 root_uri='file:///home/ben/.config/nvim' capabilities=ClientCapabilities(workspace=WorkspaceClientCapabilities(apply_edit=True, workspace_edit=WorkspaceEditClientCapabilities(document_changes=False, resource_operations=[<ResourceOperationKind.Rename: 'rename'>, <ResourceOperationKind.Create: 'create'>, <ResourceOperationKind.Delete: 'delete'>], failure_handling=None), did_change_configuration=None, did_change_watched_files=None, symbol=WorkspaceSymbolClientCapabilities(dynamic_registration=False, symbol_kind=WorkspaceCapabilitiesSymbolKind(value_set=[<SymbolKind.File: 1>, <SymbolKind.Module: 2>, <SymbolKind.Namespace: 3>, <SymbolKind.Package: 4>, <SymbolKind.Class: 5>, <SymbolKind.Method: 6>, <SymbolKind.Property: 7>, <SymbolKind.Field: 8>, <SymbolKind.Constructor: 9>, <SymbolKind.Enum: 10>, <SymbolKind.Interface: 11>, <SymbolKind.Function: 12>, <SymbolKind.Variable: 13>, <SymbolKind.Constant: 14>, <SymbolKind.String: 15>, <SymbolKind.Number: 16>, <SymbolKind.Boolean: 17>, <SymbolKind.Array: 18>, <SymbolKind.Object: 19>, <SymbolKind.Key: 20>, <SymbolKind.Null: 21>, <SymbolKind.EnumMember: 22>, <SymbolKind.Struct: 23>, <SymbolKind.Event: 24>, <SymbolKind.Operator: 25>, <SymbolKind.TypeParameter: 26>])), execute_command=None, workspace_folders=True, configuration=True), text_document=TextDocumentClientCapabilities(synchronization=TextDocumentSyncClientCapabilities(dynamic_registration=False, will_save=False, will_save_wait_until=False, did_save=True), completion=CompletionClientCapabilities(dynamic_registration=False, completion_item=CompletionItemClientCapabilities(snippet_support=False, commit_characters_support=False, documentation_format=[<MarkupKind.Markdown: 'markdown'>, <MarkupKind.PlainText: 'plaintext'>], deprecated_support=False, preselect_support=False, tag_support=None), completion_item_kind=CompletionItemKindClientCapabilities(value_set=[<CompletionItemKind.Text: 1>, <CompletionItemKind.Method: 2>, <CompletionItemKind.Function: 3>, <CompletionItemKind.Constructor: 4>, <CompletionItemKind.Field: 5>, <CompletionItemKind.Variable: 6>, <CompletionItemKind.Class: 7>, <CompletionItemKind.Interface: 8>, <CompletionItemKind.Module: 9>, <CompletionItemKind.Property: 10>, <CompletionItemKind.Unit: 11>, <CompletionItemKind.Value: 12>, <CompletionItemKind.Enum: 13>, <CompletionItemKind.Keyword: 14>, <CompletionItemKind.Snippet: 15>, <CompletionItemKind.Color: 16>, <CompletionItemKind.File: 17>, <CompletionItemKind.Reference: 18>, <CompletionItemKind.Folder: 19>, <CompletionItemKind.EnumMember: 20>, <CompletionItemKind.Constant: 21>, <CompletionItemKind.Struct: 22>, <CompletionItemKind.Event: 23>, <CompletionItemKind.Operator: 24>, <CompletionItemKind.TypeParameter: 25>]), context_support=False), hover=HoverClientCapabilities(dynamic_registration=False, content_format=[<MarkupKind.Markdown: 'markdown'>, <MarkupKind.PlainText: 'plaintext'>]), signature_help=SignatureHelpClientCapabilities(dynamic_registration=False, signature_information=SignatureHelpInformationClientCapabilities(documentation_format=[<MarkupKind.Markdown: 'markdown'>, <MarkupKind.PlainText: 'plaintext'>], parameter_information=SignatureHelpInformationParameterInformationClientCapabilities(label_offset_support=True)), context_support=False), declaration=DeclarationClientCapabilities(dynamic_registration=False, link_support=True), definition=DefinitionClientCapabilities(dynamic_registration=False, link_support=True), type_definition=TypeDefinitionClientCapabilities(dynamic_registration=False, link_support=True), implementation=ImplementationClientCapabilities(dynamic_registration=False, link_support=True), references=ReferenceClientCapabilities(dynamic_registration=False), document_highlight=DocumentHighlightClientCapabilities(dynamic_registration=False), document_symbol=DocumentSymbolClientCapabilities(dynamic_registration=False, symbol_kind=WorkspaceCapabilitiesSymbolKind(value_set=[<SymbolKind.File: 1>, <SymbolKind.Module: 2>, <SymbolKind.Namespace: 3>, <SymbolKind.Package: 4>, <SymbolKind.Class: 5>, <SymbolKind.Method: 6>, <SymbolKind.Property: 7>, <SymbolKind.Field: 8>, <SymbolKind.Constructor: 9>, <SymbolKind.Enum: 10>, <SymbolKind.Interface: 11>, <SymbolKind.Function: 12>, <SymbolKind.Variable: 13>, <SymbolKind.Constant: 14>, <SymbolKind.String: 15>, <SymbolKind.Number: 16>, <SymbolKind.Boolean: 17>, <SymbolKind.Array: 18>, <SymbolKind.Object: 19>, <SymbolKind.Key: 20>, <SymbolKind.Null: 21>, <SymbolKind.EnumMember: 22>, <SymbolKind.Struct: 23>, <SymbolKind.Event: 24>, <SymbolKind.Operator: 25>, <SymbolKind.TypeParameter: 26>]), hierarchical_document_symbol_support=True), code_action=CodeActionClientCapabilities(dynamic_registration=False, code_action_literal_support=CodeActionLiteralSupportClientCapabilities(code_action_kind=CodeActionLiteralSupportActionKindClientCapabilities(value_set=['', 'Empty', 'QuickFix', 'Refactor', 'RefactorExtract', 'RefactorInline', 'RefactorRewrite', 'Source', 'SourceOrganizeImports', 'quickfix', 'refactor', 'refactor.extract', 'refactor.inline', 'refactor.rewrite', 'source', 'source.organizeImports'])), is_preferred_support=False), code_lens=None, document_link=None, color_provider=None, formatting=None, range_formatting=None, on_type_formatting=None, rename=RenameClientCapabilities(dynamic_registration=False, prepare_support=True), publish_diagnostics=PublishDiagnosticsClientCapabilities(related_information=True, tag_support=PublishDiagnosticsTagSupportClientCapabilities(value_set=[<DiagnosticTag.Unnecessary: 1>, <DiagnosticTag.Deprecated: 2>]), version_support=False), folding_range=None, selection_range=None), window=WindowClientCapabilities(work_done_progress=True), experimental=None) client_info=ClientInfo(name='Neovim', version='0.6.0') root_path='/home/ben/.config/nvim' initialization_options={} trace=<Trace.Off: 'off'> workspace_folders=[WorkspaceFolder(uri='file:///home/ben/.config/nvim', name='/home/ben/.config/nvim')]
DEBUG:pygls.protocol:Server capabilities: {'text_document_sync': {'open_close': True, 'change': <TextDocumentSyncKind.INCREMENTAL: 2>, 'will_save': False, 'will_save_wait_until': False, 'save': False}, 'completion_provider': {'work_done_progress': None, 'trigger_characters': ['-', '.'], 'all_commit_characters': None, 'resolve_provider': False}, 'hover_provider': None, 'signature_help_provider': None, 'declaration_provider': None, 'definition_provider': True, 'type_definition_provider': None, 'implementation_provider': None, 'references_provider': None, 'document_highlight_provider': None, 'document_symbol_provider': True, 'code_action_provider': None, 'code_lens_provider': None, 'document_link_provider': None, 'color_provider': None, 'document_formatting_provider': None, 'document_range_formatting_provider': None, 'document_on_type_formatting_provider': None, 'rename_provider': None, 'folding_range_provider': None, 'execute_command_provider': {'work_done_progress': None, 'commands': []}, 'selection_range_provider': None, 'workspace_symbol_provider': None, 'workspace': {'workspace_folders': {'supported': True, 'change_notifications': True}}, 'experimental': None}
INFO:pygls.protocol:Sending data: {"jsonrpc": "2.0", "id": 1, "result": {"capabilities": {"textDocumentSync": {"openClose": true, "change": 2, "willSave": false, "willSaveWaitUntil": false, "save": false}, "completionProvider": {"triggerCharacters": ["-", "."]}, "definitionProvider": true, "documentSymbolProvider": true, "executeCommandProvider": {"commands": []}, "workspace": {"workspaceFolders": {"supported": true, "changeNotifications": true}}}}}
DEBUG:pygls.server:Content length: 57
DEBUG:pygls.protocol:Received b'Content-Length: 57\r\n\r\n{"method": "initialized", "jsonrpc": "2.0", "params": {}}'
DEBUG:pygls.protocol:Notification message received.
DEBUG:pygls.server:Content length: 196
DEBUG:pygls.protocol:Received b'Content-Length: 196\r\n\r\n{"method": "textDocument/didOpen", "jsonrpc": "2.0", "params": {"textDocument": {"uri": "file:///home/ben/.config/nvim/.my_snippets/sls/top.sls", "version": 0, "languageId": "sls", "text": "\\n"}}}'
DEBUG:pygls.protocol:Notification message received.
DEBUG:SlsFileWorkspace:updating document 'file:///home/ben/.config/nvim/.my_snippets/sls/top.sls'
DEBUG:salt_lsp.parser:StreamStartToken(encoding=None)
DEBUG:salt_lsp.parser:StreamEndToken()
DEBUG:SaltServer:adding text document 'file:///home/ben/.config/nvim/.my_snippets/sls/top.sls' to the workspace
DEBUG:SlsFileWorkspace:updating document 'file:///home/ben/.config/nvim/.my_snippets/sls/top.sls'
DEBUG:salt_lsp.parser:StreamStartToken(encoding=None)
DEBUG:salt_lsp.parser:StreamEndToken()
DEBUG:pygls.server:Content length: 49
DEBUG:pygls.protocol:Received b'Content-Length: 49\r\n\r\n{"method": "shutdown", "jsonrpc": "2.0", "id": 2}'
DEBUG:pygls.protocol:Request message received.
INFO:pygls.protocol:Sending data: {"jsonrpc": "2.0", "id": 2, "result": null}
DEBUG:pygls.server:Content length: 36
DEBUG:pygls.protocol:Received b'Content-Length: 36\r\n\r\n{"method": "exit", "jsonrpc": "2.0"}'
DEBUG:pygls.protocol:Notification message received.
INFO:pygls.server:Shutting down the server
INFO:pygls.server:Closing the event loop.
